
Tue 15 Aug 2023 08:13:52 PM UTC: 
 tests:  0|7
total_score: 0/70
96f4db7
Tue 15 Aug 2023 08:29:55 PM UTC: 
 exercises.c | 10 +++++++++-
 1 file changed, 9 insertions(+), 1 deletion(-)
 tests:  0|6
total_score: 10/70
228e3c9
Tue 15 Aug 2023 08:45:31 PM UTC: 
 exercises.c | 14 +++++++++++++-
 1 file changed, 13 insertions(+), 1 deletion(-)
 tests:  0|5
total_score: 20/70
d2a6bc8
Tue 15 Aug 2023 08:48:28 PM UTC: 
 exercises.c | 10 +++++-----
 1 file changed, 5 insertions(+), 5 deletions(-)
 tests:  0|5
total_score: 20/70
d324a08
Tue 15 Aug 2023 08:54:32 PM UTC: 
 exercises.c | 11 ++++++++++-
 1 file changed, 10 insertions(+), 1 deletion(-)
In file included from test.c:1:
exercises.c: In function ‘filterEvenNumbers’:
exercises.c:48:7: error: array size missing in ‘newArr’
   48 |   int newArr[];
      |       ^~~~~~
exercises.c:55:10: error: function returns address of local variable [-Werror=return-local-addr]
   55 |   return newArr;
      |          ^~~~~~
cc1: all warnings being treated as errors
Compilation failed
7da0a25
Tue 15 Aug 2023 08:54:49 PM UTC: 
 exercises.c | 2 +-
 1 file changed, 1 insertion(+), 1 deletion(-)
In file included from test.c:1:
exercises.c: In function ‘filterEvenNumbers’:
exercises.c:55:10: error: function returns address of local variable [-Werror=return-local-addr]
   55 |   return newArr;
      |          ^~~~~~
cc1: all warnings being treated as errors
Compilation failed
58c16a9
Tue 15 Aug 2023 08:55:00 PM UTC: 
 exercises.c | 2 +-
 1 file changed, 1 insertion(+), 1 deletion(-)
In file included from test.c:1:
exercises.c: In function ‘filterEvenNumbers’:
exercises.c:55:16: error: returning ‘int’ from a function with return type ‘int *’ makes pointer from integer without a cast [-Werror=int-conversion]
   55 |   return newArr[(*newSize)];
      |          ~~~~~~^~~~~~~~~~~~
cc1: all warnings being treated as errors
Compilation failed
74bddc3
Tue 15 Aug 2023 08:57:52 PM UTC: 
 exercises.c | 7 ++++---
 1 file changed, 4 insertions(+), 3 deletions(-)
In file included from test.c:1:
exercises.c: In function ‘filterEvenNumbers’:
exercises.c:48:7: error: array size missing in ‘newArr’
   48 |   int newArr[];
      |       ^~~~~~
exercises.c:56:10: error: function returns address of local variable [-Werror=return-local-addr]
   56 |   return newArr;
      |          ^~~~~~
cc1: all warnings being treated as errors
Compilation failed
8149b84
Tue 15 Aug 2023 08:58:48 PM UTC: 
 exercises.c | 2 +-
 1 file changed, 1 insertion(+), 1 deletion(-)
In file included from test.c:1:
exercises.c: In function ‘filterEvenNumbers’:
exercises.c:48:16: error: initialization of ‘int’ from ‘void *’ makes integer from pointer without a cast [-Werror=int-conversion]
   48 |   int newArr = NULL;
      |                ^~~~
exercises.c:53:13: error: subscripted value is neither array nor pointer nor vector
   53 |       newArr[(*newSize)] = arr[i];
      |             ^
exercises.c:56:10: error: returning ‘int’ from a function with return type ‘int *’ makes pointer from integer without a cast [-Werror=int-conversion]
   56 |   return newArr;
      |          ^~~~~~
cc1: all warnings being treated as errors
Compilation failed
e1b5e24
Tue 15 Aug 2023 08:58:57 PM UTC: 
 exercises.c | 2 +-
 1 file changed, 1 insertion(+), 1 deletion(-)
 tests:  0|0
8104572
Tue 15 Aug 2023 09:01:20 PM UTC: 
 exercises.c | 6 +++---
 1 file changed, 3 insertions(+), 3 deletions(-)
In file included from test.c:1:
exercises.c: In function ‘filterEvenNumbers’:
exercises.c:56:10: error: function returns address of local variable [-Werror=return-local-addr]
   56 |   return newArr;
      |          ^~~~~~
cc1: all warnings being treated as errors
Compilation failed
b214ded
Tue 15 Aug 2023 09:02:33 PM UTC: 
 exercises.c | 2 +-
 1 file changed, 1 insertion(+), 1 deletion(-)
In file included from test.c:1:
exercises.c: In function ‘filterEvenNumbers’:
exercises.c:56:16: error: returning ‘int’ from a function with return type ‘int *’ makes pointer from integer without a cast [-Werror=int-conversion]
   56 |   return newArr[*newSize];
      |          ~~~~~~^~~~~~~~~~
cc1: all warnings being treated as errors
Compilation failed
502201a
Tue 15 Aug 2023 09:03:51 PM UTC: 
 exercises.c | 7 ++++---
 1 file changed, 4 insertions(+), 3 deletions(-)
In file included from test.c:1:
exercises.c: In function ‘filterEvenNumbers’:
exercises.c:57:10: error: function returns address of local variable [-Werror=return-local-addr]
   57 |   return newArr;
      |          ^~~~~~
cc1: all warnings being treated as errors
Compilation failed
a9a1bab
Tue 15 Aug 2023 09:05:50 PM UTC: 
 exercises.c | 4 ++--
 1 file changed, 2 insertions(+), 2 deletions(-)
 tests:  0|4
total_score: 30/70
83cb706
Tue 15 Aug 2023 09:07:06 PM UTC: 
 exercises.c | 5 +++--
 1 file changed, 3 insertions(+), 2 deletions(-)
In file included from test.c:1:
exercises.c: In function ‘filterEvenNumbers’:
exercises.c:54:15: error: assignment to ‘int’ from ‘int *’ makes integer from pointer without a cast [-Werror=int-conversion]
   54 |       *newArr = (int *) malloc(sizeof(int) * *newSize);
      |               ^
exercises.c:58:10: error: ‘newArr’ is used uninitialized [-Werror=uninitialized]
   58 |   return newArr;
      |          ^~~~~~
cc1: all warnings being treated as errors
Compilation failed
57c5173
Tue 15 Aug 2023 09:10:17 PM UTC: 
 exercises.c | 11 ++++++++---
 1 file changed, 8 insertions(+), 3 deletions(-)
 tests:  0|5
total_score: 20/70
c8a9ab2
Tue 15 Aug 2023 09:12:02 PM UTC: 
 exercises.c | 2 +-
 1 file changed, 1 insertion(+), 1 deletion(-)
 tests:  0|5
total_score: 20/70
234d8ce
Tue 15 Aug 2023 09:13:56 PM UTC: 
 exercises.c | 4 ++--
 1 file changed, 2 insertions(+), 2 deletions(-)
 tests:  0|4
total_score: 30/70
eb788c8
Tue 15 Aug 2023 09:14:04 PM UTC: 
 exercises.c | 2 +-
 1 file changed, 1 insertion(+), 1 deletion(-)
 tests:  0|4
total_score: 30/70
362c9f7
Tue 15 Aug 2023 09:47:24 PM UTC: 
 exercises.c | 13 ++++---------
 1 file changed, 4 insertions(+), 9 deletions(-)
 tests:  0|5
total_score: 20/70
36bf73d
Tue 15 Aug 2023 09:47:54 PM UTC: 
 exercises.c | 2 +-
 1 file changed, 1 insertion(+), 1 deletion(-)
 tests:  0|4
total_score: 30/70
98c3d91
Wed 16 Aug 2023 12:46:28 AM UTC: 
 exercises.c | 27 ++++++++++++++++++++++++++-
 1 file changed, 26 insertions(+), 1 deletion(-)
 tests:  0|4
total_score: 30/70
88593fd
Wed 16 Aug 2023 12:47:58 AM UTC: 
 exercises.c | 2 +-
 1 file changed, 1 insertion(+), 1 deletion(-)
 tests:  0|4
total_score: 30/70
d754bdb
Wed 16 Aug 2023 12:49:49 AM UTC: 
 exercises.c | 2 +-
 1 file changed, 1 insertion(+), 1 deletion(-)
 tests:  0|4
total_score: 30/70
fd8e15f
Wed 16 Aug 2023 12:51:42 AM UTC: 
 exercises.c | 14 +++++++++++---
 1 file changed, 11 insertions(+), 3 deletions(-)
 tests:  0|3
total_score: 40/70
ac12bd5
Wed 16 Aug 2023 01:04:12 AM UTC: 
 exercises.c | 41 ++++++++++++++++++++++-------------------
 1 file changed, 22 insertions(+), 19 deletions(-)
 tests:  0|3
total_score: 40/70
7e1f2dc
Wed 16 Aug 2023 01:08:00 AM UTC: 
 exercises.c | 14 +++-----------
 1 file changed, 3 insertions(+), 11 deletions(-)
 tests:  0|4
total_score: 30/70
3fc5c06
Wed 16 Aug 2023 01:20:38 AM UTC: 
 exercises.c | 14 +++++++++++---
 1 file changed, 11 insertions(+), 3 deletions(-)
 tests:  0|3
total_score: 40/70
9dd23ce
Wed 16 Aug 2023 01:33:31 AM UTC: 
 exercises.c | 17 ++++++++++++++++-
 1 file changed, 16 insertions(+), 1 deletion(-)
 tests:  0|3
total_score: 40/70
819db7c
Wed 16 Aug 2023 01:35:10 AM UTC: 
 exercises.c | 4 ++--
 1 file changed, 2 insertions(+), 2 deletions(-)
 tests:  0|3
total_score: 40/70
7592442
Wed 16 Aug 2023 01:36:14 AM UTC: 
 exercises.c | 4 ++--
 1 file changed, 2 insertions(+), 2 deletions(-)
 tests:  0|3
total_score: 40/70
cc2522c
Wed 16 Aug 2023 01:37:33 AM UTC: 
 exercises.c | 4 ++--
 1 file changed, 2 insertions(+), 2 deletions(-)
 tests:  0|3
total_score: 40/70
351f40d
Wed 16 Aug 2023 01:37:47 AM UTC: 
 exercises.c | 4 ++--
 1 file changed, 2 insertions(+), 2 deletions(-)
 tests:  0|3
total_score: 40/70
d9ccd3e
Wed 16 Aug 2023 01:38:39 AM UTC: 
 exercises.c | 4 ++--
 1 file changed, 2 insertions(+), 2 deletions(-)
 tests:  0|3
total_score: 40/70
198908b
Wed 16 Aug 2023 01:40:15 AM UTC: 
 exercises.c | 4 ++--
 1 file changed, 2 insertions(+), 2 deletions(-)
 tests:  0|3
total_score: 40/70
b33849d
Wed 16 Aug 2023 01:42:28 AM UTC: 
 exercises.c | 6 +++---
 1 file changed, 3 insertions(+), 3 deletions(-)
 tests:  0|3
total_score: 40/70
90c0986
Wed 16 Aug 2023 01:42:53 AM UTC: 
 exercises.c | 4 ++--
 1 file changed, 2 insertions(+), 2 deletions(-)
 tests:  0|3
total_score: 40/70
b705abf
Wed 16 Aug 2023 01:45:31 AM UTC: 
 exercises.c | 10 +++++++---
 1 file changed, 7 insertions(+), 3 deletions(-)
 tests:  0|3
total_score: 40/70
8014ac2
Wed 16 Aug 2023 01:47:57 AM UTC: 
 exercises.c | 4 ++--
 1 file changed, 2 insertions(+), 2 deletions(-)
 tests:  0|3
total_score: 40/70
0a38bc9
Wed 16 Aug 2023 01:52:06 AM UTC: 
 exercises.c | 4 ++--
 1 file changed, 2 insertions(+), 2 deletions(-)
 tests:  0|3
total_score: 40/70
d553c17
Wed 16 Aug 2023 01:53:17 AM UTC: 
 exercises.c | 4 ++--
 1 file changed, 2 insertions(+), 2 deletions(-)
 tests:  0|2
total_score: 50/70
ae09792
Wed 16 Aug 2023 01:54:26 AM UTC: 
 exercises.c | 8 ++------
 1 file changed, 2 insertions(+), 6 deletions(-)
 tests:  0|2
total_score: 50/70
3431029
Thu 17 Aug 2023 08:24:18 PM UTC: 
 exercises.c | 9 ++++++++-
 1 file changed, 8 insertions(+), 1 deletion(-)
 tests:  0|2
total_score: 50/70
491ae66
Thu 17 Aug 2023 08:29:49 PM UTC: 
 exercises.c | 11 +++++------
 1 file changed, 5 insertions(+), 6 deletions(-)
In file included from test.c:1:
exercises.c: In function ‘inicializarLibro’:
exercises.c:149:16: error: ‘libro’ redeclared as different kind of symbol
  149 |   struct Libro libro;
      |                ^~~~~
exercises.c:147:30: note: previous definition of ‘libro’ with type ‘Libro *’
  147 | void inicializarLibro(Libro *libro, const char *titulo, const char *nombreAutor,
      |                       ~~~~~~~^~~~~
exercises.c:149:16: error: storage size of ‘libro’ isn’t known
  149 |   struct Libro libro;
      |                ^~~~~
exercises.c:150:3: error: too few arguments to function ‘strcpy’
  150 |   strcpy(libro.titulo);
      |   ^~~~~~
In file included from /nix/store/4pqv2mwdn88h7xvsm7a5zplrd8sxzvw0-glibc-2.35-163-dev/include/features.h:490,
                 from /nix/store/4pqv2mwdn88h7xvsm7a5zplrd8sxzvw0-glibc-2.35-163-dev/include/ctype.h:25,
                 from exercises.c:1,
                 from test.c:1:
/nix/store/4pqv2mwdn88h7xvsm7a5zplrd8sxzvw0-glibc-2.35-163-dev/include/bits/string_fortified.h:77:1: note: declared here
   77 | __NTH (strcpy (char *__restrict __dest, const char *__restrict __src))
      | ^~~~~
In file included from test.c:1:
exercises.c:151:10: error: ‘linro’ undeclared (first use in this function); did you mean ‘libro’?
  151 |   strcpy(linro.autor.nombre);
      |          ^~~~~
      |          libro
exercises.c:151:10: note: each undeclared identifier is reported only once for each function it appears in
exercises.c:151:3: error: too few arguments to function ‘strcpy’
  151 |   strcpy(linro.autor.nombre);
      |   ^~~~~~
In file included from /nix/store/4pqv2mwdn88h7xvsm7a5zplrd8sxzvw0-glibc-2.35-163-dev/include/features.h:490,
                 from /nix/store/4pqv2mwdn88h7xvsm7a5zplrd8sxzvw0-glibc-2.35-163-dev/include/ctype.h:25,
                 from exercises.c:1,
                 from test.c:1:
/nix/store/4pqv2mwdn88h7xvsm7a5zplrd8sxzvw0-glibc-2.35-163-dev/include/bits/string_fortified.h:77:1: note: declared here
   77 | __NTH (strcpy (char *__restrict __dest, const char *__restrict __src))
      | ^~~~~
In file included from test.c:1:
exercises.c:152:3: error: too few arguments to function ‘strcpy’
  152 |   strcpy(linro.autor.anioNacimiento);
      |   ^~~~~~
In file included from /nix/store/4pqv2mwdn88h7xvsm7a5zplrd8sxzvw0-glibc-2.35-163-dev/include/features.h:490,
                 from /nix/store/4pqv2mwdn88h7xvsm7a5zplrd8sxzvw0-glibc-2.35-163-dev/include/ctype.h:25,
                 from exercises.c:1,
                 from test.c:1:
/nix/store/4pqv2mwdn88h7xvsm7a5zplrd8sxzvw0-glibc-2.35-163-dev/include/bits/string_fortified.h:77:1: note: declared here
   77 | __NTH (strcpy (char *__restrict __dest, const char *__restrict __src))
      | ^~~~~
In file included from test.c:1:
exercises.c:153:3: error: too few arguments to function ‘strcpy’
  153 |   strcpy(linro.anioPublicacion);
      |   ^~~~~~
In file included from /nix/store/4pqv2mwdn88h7xvsm7a5zplrd8sxzvw0-glibc-2.35-163-dev/include/features.h:490,
                 from /nix/store/4pqv2mwdn88h7xvsm7a5zplrd8sxzvw0-glibc-2.35-163-dev/include/ctype.h:25,
                 from exercises.c:1,
                 from test.c:1:
/nix/store/4pqv2mwdn88h7xvsm7a5zplrd8sxzvw0-glibc-2.35-163-dev/include/bits/string_fortified.h:77:1: note: declared here
   77 | __NTH (strcpy (char *__restrict __dest, const char *__restrict __src))
      | ^~~~~
In file included from test.c:1:
exercises.c:149:16: error: unused variable ‘libro’ [-Werror=unused-variable]
  149 |   struct Libro libro;
      |                ^~~~~
cc1: all warnings being treated as errors
Compilation failed
8023e6c
Thu 17 Aug 2023 08:30:07 PM UTC: 
 exercises.c | 6 +++---
 1 file changed, 3 insertions(+), 3 deletions(-)
In file included from test.c:1:
exercises.c: In function ‘inicializarLibro’:
exercises.c:149:16: error: ‘libro’ redeclared as different kind of symbol
  149 |   struct Libro libro;
      |                ^~~~~
exercises.c:147:30: note: previous definition of ‘libro’ with type ‘Libro *’
  147 | void inicializarLibro(Libro *libro, const char *titulo, const char *nombreAutor,
      |                       ~~~~~~~^~~~~
exercises.c:149:16: error: storage size of ‘libro’ isn’t known
  149 |   struct Libro libro;
      |                ^~~~~
exercises.c:150:3: error: too few arguments to function ‘strcpy’
  150 |   strcpy(libro.titulo);
      |   ^~~~~~
In file included from /nix/store/4pqv2mwdn88h7xvsm7a5zplrd8sxzvw0-glibc-2.35-163-dev/include/features.h:490,
                 from /nix/store/4pqv2mwdn88h7xvsm7a5zplrd8sxzvw0-glibc-2.35-163-dev/include/ctype.h:25,
                 from exercises.c:1,
                 from test.c:1:
/nix/store/4pqv2mwdn88h7xvsm7a5zplrd8sxzvw0-glibc-2.35-163-dev/include/bits/string_fortified.h:77:1: note: declared here
   77 | __NTH (strcpy (char *__restrict __dest, const char *__restrict __src))
      | ^~~~~
In file included from test.c:1:
exercises.c:151:3: error: too few arguments to function ‘strcpy’
  151 |   strcpy(libro.autor.nombre);
      |   ^~~~~~
In file included from /nix/store/4pqv2mwdn88h7xvsm7a5zplrd8sxzvw0-glibc-2.35-163-dev/include/features.h:490,
                 from /nix/store/4pqv2mwdn88h7xvsm7a5zplrd8sxzvw0-glibc-2.35-163-dev/include/ctype.h:25,
                 from exercises.c:1,
                 from test.c:1:
/nix/store/4pqv2mwdn88h7xvsm7a5zplrd8sxzvw0-glibc-2.35-163-dev/include/bits/string_fortified.h:77:1: note: declared here
   77 | __NTH (strcpy (char *__restrict __dest, const char *__restrict __src))
      | ^~~~~
In file included from test.c:1:
exercises.c:152:3: error: too few arguments to function ‘strcpy’
  152 |   strcpy(libro.autor.anioNacimiento);
      |   ^~~~~~
In file included from /nix/store/4pqv2mwdn88h7xvsm7a5zplrd8sxzvw0-glibc-2.35-163-dev/include/features.h:490,
                 from /nix/store/4pqv2mwdn88h7xvsm7a5zplrd8sxzvw0-glibc-2.35-163-dev/include/ctype.h:25,
                 from exercises.c:1,
                 from test.c:1:
/nix/store/4pqv2mwdn88h7xvsm7a5zplrd8sxzvw0-glibc-2.35-163-dev/include/bits/string_fortified.h:77:1: note: declared here
   77 | __NTH (strcpy (char *__restrict __dest, const char *__restrict __src))
      | ^~~~~
In file included from test.c:1:
exercises.c:153:3: error: too few arguments to function ‘strcpy’
  153 |   strcpy(libro.anioPublicacion);
      |   ^~~~~~
In file included from /nix/store/4pqv2mwdn88h7xvsm7a5zplrd8sxzvw0-glibc-2.35-163-dev/include/features.h:490,
                 from /nix/store/4pqv2mwdn88h7xvsm7a5zplrd8sxzvw0-glibc-2.35-163-dev/include/ctype.h:25,
                 from exercises.c:1,
                 from test.c:1:
/nix/store/4pqv2mwdn88h7xvsm7a5zplrd8sxzvw0-glibc-2.35-163-dev/include/bits/string_fortified.h:77:1: note: declared here
   77 | __NTH (strcpy (char *__restrict __dest, const char *__restrict __src))
      | ^~~~~
In file included from test.c:1:
exercises.c:149:16: error: unused variable ‘libro’ [-Werror=unused-variable]
  149 |   struct Libro libro;
      |                ^~~~~
cc1: all warnings being treated as errors
Compilation failed
3f1677a
Thu 17 Aug 2023 08:36:59 PM UTC: 
 exercises.c | 10 +++++-----
 1 file changed, 5 insertions(+), 5 deletions(-)
In file included from test.c:1:
exercises.c: In function ‘inicializarLibro’:
exercises.c:149:17: error: ‘libro’ redeclared as different kind of symbol
  149 |   struct Libro *libro;
      |                 ^~~~~
exercises.c:147:30: note: previous definition of ‘libro’ with type ‘Libro *’
  147 | void inicializarLibro(Libro *libro, const char *titulo, const char *nombreAutor,
      |                       ~~~~~~~^~~~~
exercises.c:150:15: error: ‘libro’ is a pointer; did you mean to use ‘->’?
  150 |   strcpy(libro.titulo, titulo);
      |               ^
      |               ->
exercises.c:151:15: error: ‘libro’ is a pointer; did you mean to use ‘->’?
  151 |   strcpy(libro.autor.nombre, nombreAutor);
      |               ^
      |               ->
exercises.c:152:15: error: ‘libro’ is a pointer; did you mean to use ‘->’?
  152 |   strcpy(libro.autor.anioNacimiento, anioNacimiento);
      |               ^
      |               ->
exercises.c:152:38: error: passing argument 2 of ‘strcpy’ makes pointer from integer without a cast [-Werror=int-conversion]
  152 |   strcpy(libro.autor.anioNacimiento, anioNacimiento);
      |                                      ^~~~~~~~~~~~~~
      |                                      |
      |                                      int
In file included from /nix/store/4pqv2mwdn88h7xvsm7a5zplrd8sxzvw0-glibc-2.35-163-dev/include/features.h:490,
                 from /nix/store/4pqv2mwdn88h7xvsm7a5zplrd8sxzvw0-glibc-2.35-163-dev/include/ctype.h:25,
                 from exercises.c:1,
                 from test.c:1:
/nix/store/4pqv2mwdn88h7xvsm7a5zplrd8sxzvw0-glibc-2.35-163-dev/include/bits/string_fortified.h:77:1: note: expected ‘const char * restrict’ but argument is of type ‘int’
   77 | __NTH (strcpy (char *__restrict __dest, const char *__restrict __src))
      | ^~~~~
In file included from test.c:1:
exercises.c:153:15: error: ‘libro’ is a pointer; did you mean to use ‘->’?
  153 |   strcpy(libro.anioPublicacion, anioPublicacion);
      |               ^
      |               ->
exercises.c:153:33: error: passing argument 2 of ‘strcpy’ makes pointer from integer without a cast [-Werror=int-conversion]
  153 |   strcpy(libro.anioPublicacion, anioPublicacion);
      |                                 ^~~~~~~~~~~~~~~
      |                                 |
      |                                 int
In file included from /nix/store/4pqv2mwdn88h7xvsm7a5zplrd8sxzvw0-glibc-2.35-163-dev/include/features.h:490,
                 from /nix/store/4pqv2mwdn88h7xvsm7a5zplrd8sxzvw0-glibc-2.35-163-dev/include/ctype.h:25,
                 from exercises.c:1,
                 from test.c:1:
/nix/store/4pqv2mwdn88h7xvsm7a5zplrd8sxzvw0-glibc-2.35-163-dev/include/bits/string_fortified.h:77:1: note: expected ‘const char * restrict’ but argument is of type ‘int’
   77 | __NTH (strcpy (char *__restrict __dest, const char *__restrict __src))
      | ^~~~~
In file included from test.c:1:
exercises.c:149:17: error: variable ‘libro’ set but not used [-Werror=unused-but-set-variable]
  149 |   struct Libro *libro;
      |                 ^~~~~
cc1: all warnings being treated as errors
Compilation failed
04ae87f
Thu 17 Aug 2023 08:38:42 PM UTC: 
 exercises.c | 8 ++++----
 1 file changed, 4 insertions(+), 4 deletions(-)
In file included from test.c:1:
exercises.c: In function ‘inicializarLibro’:
exercises.c:149:17: error: ‘libro’ redeclared as different kind of symbol
  149 |   struct Libro *libro;
      |                 ^~~~~
exercises.c:147:30: note: previous definition of ‘libro’ with type ‘Libro *’
  147 | void inicializarLibro(Libro *libro, const char *titulo, const char *nombreAutor,
      |                       ~~~~~~~^~~~~
exercises.c:150:15: error: ‘libro’ is a pointer; did you mean to use ‘->’?
  150 |   strcpy(libro.titulo->titulo);
      |               ^
      |               ->
exercises.c:150:3: error: too few arguments to function ‘strcpy’
  150 |   strcpy(libro.titulo->titulo);
      |   ^~~~~~
In file included from /nix/store/4pqv2mwdn88h7xvsm7a5zplrd8sxzvw0-glibc-2.35-163-dev/include/features.h:490,
                 from /nix/store/4pqv2mwdn88h7xvsm7a5zplrd8sxzvw0-glibc-2.35-163-dev/include/ctype.h:25,
                 from exercises.c:1,
                 from test.c:1:
/nix/store/4pqv2mwdn88h7xvsm7a5zplrd8sxzvw0-glibc-2.35-163-dev/include/bits/string_fortified.h:77:1: note: declared here
   77 | __NTH (strcpy (char *__restrict __dest, const char *__restrict __src))
      | ^~~~~
In file included from test.c:1:
exercises.c:151:15: error: ‘libro’ is a pointer; did you mean to use ‘->’?
  151 |   strcpy(libro.autor.nombre->nombreAutor);
      |               ^
      |               ->
exercises.c:151:3: error: too few arguments to function ‘strcpy’
  151 |   strcpy(libro.autor.nombre->nombreAutor);
      |   ^~~~~~
In file included from /nix/store/4pqv2mwdn88h7xvsm7a5zplrd8sxzvw0-glibc-2.35-163-dev/include/features.h:490,
                 from /nix/store/4pqv2mwdn88h7xvsm7a5zplrd8sxzvw0-glibc-2.35-163-dev/include/ctype.h:25,
                 from exercises.c:1,
                 from test.c:1:
/nix/store/4pqv2mwdn88h7xvsm7a5zplrd8sxzvw0-glibc-2.35-163-dev/include/bits/string_fortified.h:77:1: note: declared here
   77 | __NTH (strcpy (char *__restrict __dest, const char *__restrict __src))
      | ^~~~~
In file included from test.c:1:
exercises.c:152:15: error: ‘libro’ is a pointer; did you mean to use ‘->’?
  152 |   strcpy(libro.autor.anioNacimiento->anioNacimiento);
      |               ^
      |               ->
exercises.c:152:3: error: too few arguments to function ‘strcpy’
  152 |   strcpy(libro.autor.anioNacimiento->anioNacimiento);
      |   ^~~~~~
In file included from /nix/store/4pqv2mwdn88h7xvsm7a5zplrd8sxzvw0-glibc-2.35-163-dev/include/features.h:490,
                 from /nix/store/4pqv2mwdn88h7xvsm7a5zplrd8sxzvw0-glibc-2.35-163-dev/include/ctype.h:25,
                 from exercises.c:1,
                 from test.c:1:
/nix/store/4pqv2mwdn88h7xvsm7a5zplrd8sxzvw0-glibc-2.35-163-dev/include/bits/string_fortified.h:77:1: note: declared here
   77 | __NTH (strcpy (char *__restrict __dest, const char *__restrict __src))
      | ^~~~~
In file included from test.c:1:
exercises.c:153:15: error: ‘libro’ is a pointer; did you mean to use ‘->’?
  153 |   strcpy(libro.anioPublicacion->anioPublicacion);
      |               ^
      |               ->
exercises.c:153:3: error: too few arguments to function ‘strcpy’
  153 |   strcpy(libro.anioPublicacion->anioPublicacion);
      |   ^~~~~~
In file included from /nix/store/4pqv2mwdn88h7xvsm7a5zplrd8sxzvw0-glibc-2.35-163-dev/include/features.h:490,
                 from /nix/store/4pqv2mwdn88h7xvsm7a5zplrd8sxzvw0-glibc-2.35-163-dev/include/ctype.h:25,
                 from exercises.c:1,
                 from test.c:1:
/nix/store/4pqv2mwdn88h7xvsm7a5zplrd8sxzvw0-glibc-2.35-163-dev/include/bits/string_fortified.h:77:1: note: declared here
   77 | __NTH (strcpy (char *__restrict __dest, const char *__restrict __src))
      | ^~~~~
In file included from test.c:1:
exercises.c:149:17: error: variable ‘libro’ set but not used [-Werror=unused-but-set-variable]
  149 |   struct Libro *libro;
      |                 ^~~~~
cc1: all warnings being treated as errors
Compilation failed
bf2ebaa
Thu 17 Aug 2023 08:45:29 PM UTC: 
 exercises.c | 10 +++++-----
 1 file changed, 5 insertions(+), 5 deletions(-)
In file included from test.c:1:
exercises.c: In function ‘inicializarLibro’:
exercises.c:152:39: error: left-hand operand of comma expression has no effect [-Werror=unused-value]
  152 |   libro = (libro->autor.anioNacimiento, anioNacimiento);
      |                                       ^
exercises.c:152:9: error: assignment to ‘Libro *’ from ‘int’ makes pointer from integer without a cast [-Werror=int-conversion]
  152 |   libro = (libro->autor.anioNacimiento, anioNacimiento);
      |         ^
exercises.c:153:34: error: left-hand operand of comma expression has no effect [-Werror=unused-value]
  153 |   libro = (libro->anioPublicacion, anioPublicacion);
      |                                  ^
exercises.c:153:9: error: assignment to ‘Libro *’ from ‘int’ makes pointer from integer without a cast [-Werror=int-conversion]
  153 |   libro = (libro->anioPublicacion, anioPublicacion);
      |         ^
cc1: all warnings being treated as errors
Compilation failed
4b66e25
Thu 17 Aug 2023 08:46:03 PM UTC: 
 exercises.c | 4 ++--
 1 file changed, 2 insertions(+), 2 deletions(-)
In file included from test.c:1:
exercises.c: In function ‘inicializarLibro’:
exercises.c:152:30: error: left-hand operand of comma expression has no effect [-Werror=unused-value]
  152 |   libro->autor.anioNacimiento, anioNacimiento;
      |                              ^
exercises.c:152:3: error: statement with no effect [-Werror=unused-value]
  152 |   libro->autor.anioNacimiento, anioNacimiento;
      |   ^~~~~
exercises.c:153:25: error: left-hand operand of comma expression has no effect [-Werror=unused-value]
  153 |   libro->anioPublicacion, anioPublicacion;
      |                         ^
exercises.c:153:3: error: statement with no effect [-Werror=unused-value]
  153 |   libro->anioPublicacion, anioPublicacion;
      |   ^~~~~
cc1: all warnings being treated as errors
Compilation failed
0cdd43f
Thu 17 Aug 2023 08:47:07 PM UTC: 
 exercises.c | 4 ++--
 1 file changed, 2 insertions(+), 2 deletions(-)
In file included from test.c:1:
exercises.c: In function ‘inicializarLibro’:
exercises.c:152:15: error: statement with no effect [-Werror=unused-value]
  152 |   libro->autor.anioNacimiento;
      |   ~~~~~~~~~~~~^~~~~~~~~~~~~~~
exercises.c:153:8: error: statement with no effect [-Werror=unused-value]
  153 |   libro->anioPublicacion;
      |   ~~~~~^~~~~~~~~~~~~~~~~
cc1: all warnings being treated as errors
Compilation failed
64bcd16
Thu 17 Aug 2023 08:48:53 PM UTC: 
 exercises.c | 4 ++--
 1 file changed, 2 insertions(+), 2 deletions(-)
 tests:  0|2
total_score: 50/70
51b0683
Thu 17 Aug 2023 08:49:44 PM UTC: 
 exercises.c | 4 ++--
 1 file changed, 2 insertions(+), 2 deletions(-)
 tests:  0|1
total_score: 60/70
b5880a7
